[github.com/flipped-aurora/gin-vue-admin/server]2022/02/24 - 15:27:27.035	[34minfo[0m	C:/Users/Administrator/Desktop/golearn/learnexcellent/gin-vue-admin/server/initialize/router.go:31	use middleware logger
[github.com/flipped-aurora/gin-vue-admin/server]2022/02/24 - 15:27:27.036	[34minfo[0m	C:/Users/Administrator/Desktop/golearn/learnexcellent/gin-vue-admin/server/initialize/router.go:35	use middleware cors
[github.com/flipped-aurora/gin-vue-admin/server]2022/02/24 - 15:27:27.036	[34minfo[0m	C:/Users/Administrator/Desktop/golearn/learnexcellent/gin-vue-admin/server/initialize/router.go:37	register swagger handler
[github.com/flipped-aurora/gin-vue-admin/server]2022/02/24 - 15:27:27.048	[34minfo[0m	C:/Users/Administrator/Desktop/golearn/learnexcellent/gin-vue-admin/server/initialize/router.go:82	router register success
[github.com/flipped-aurora/gin-vue-admin/server]2022/02/24 - 15:27:27.060	[34minfo[0m	C:/Users/Administrator/Desktop/golearn/learnexcellent/gin-vue-admin/server/core/server.go:37	server run success on 	{"address": ":8888"}
[github.com/flipped-aurora/gin-vue-admin/server]2022/02/24 - 16:20:21.854	[34minfo[0m	C:/Users/Administrator/Desktop/golearn/learnexcellent/gin-vue-admin/server/initialize/router.go:31	use middleware logger
[github.com/flipped-aurora/gin-vue-admin/server]2022/02/24 - 16:20:21.855	[34minfo[0m	C:/Users/Administrator/Desktop/golearn/learnexcellent/gin-vue-admin/server/initialize/router.go:35	use middleware cors
[github.com/flipped-aurora/gin-vue-admin/server]2022/02/24 - 16:20:21.856	[34minfo[0m	C:/Users/Administrator/Desktop/golearn/learnexcellent/gin-vue-admin/server/initialize/router.go:37	register swagger handler
[github.com/flipped-aurora/gin-vue-admin/server]2022/02/24 - 16:20:21.863	[34minfo[0m	C:/Users/Administrator/Desktop/golearn/learnexcellent/gin-vue-admin/server/initialize/router.go:82	router register success
[github.com/flipped-aurora/gin-vue-admin/server]2022/02/24 - 16:20:21.868	[34minfo[0m	C:/Users/Administrator/Desktop/golearn/learnexcellent/gin-vue-admin/server/core/server.go:37	server run success on 	{"address": ":8888"}
[github.com/flipped-aurora/gin-vue-admin/server]2022/02/24 - 16:22:17.171	[34minfo[0m	C:/Users/Administrator/Desktop/golearn/learnexcellent/gin-vue-admin/server/initialize/router.go:30	use middleware logger
[github.com/flipped-aurora/gin-vue-admin/server]2022/02/24 - 16:22:17.172	[34minfo[0m	C:/Users/Administrator/Desktop/golearn/learnexcellent/gin-vue-admin/server/initialize/router.go:34	use middleware cors
[github.com/flipped-aurora/gin-vue-admin/server]2022/02/24 - 16:22:17.172	[34minfo[0m	C:/Users/Administrator/Desktop/golearn/learnexcellent/gin-vue-admin/server/initialize/router.go:36	register swagger handler
[github.com/flipped-aurora/gin-vue-admin/server]2022/02/24 - 16:22:17.179	[34minfo[0m	C:/Users/Administrator/Desktop/golearn/learnexcellent/gin-vue-admin/server/initialize/router.go:81	router register success
[github.com/flipped-aurora/gin-vue-admin/server]2022/02/24 - 16:22:17.195	[34minfo[0m	C:/Users/Administrator/Desktop/golearn/learnexcellent/gin-vue-admin/server/core/server.go:37	server run success on 	{"address": ":8888"}
[github.com/flipped-aurora/gin-vue-admin/server]2022/02/24 - 16:51:23.954	[34minfo[0m	C:/Users/Administrator/Desktop/golearn/learnexcellent/gin-vue-admin/server/initialize/router.go:30	use middleware logger
[github.com/flipped-aurora/gin-vue-admin/server]2022/02/24 - 16:51:23.955	[34minfo[0m	C:/Users/Administrator/Desktop/golearn/learnexcellent/gin-vue-admin/server/initialize/router.go:34	use middleware cors
[github.com/flipped-aurora/gin-vue-admin/server]2022/02/24 - 16:51:23.956	[34minfo[0m	C:/Users/Administrator/Desktop/golearn/learnexcellent/gin-vue-admin/server/initialize/router.go:36	register swagger handler
[github.com/flipped-aurora/gin-vue-admin/server]2022/02/24 - 16:51:23.962	[34minfo[0m	C:/Users/Administrator/Desktop/golearn/learnexcellent/gin-vue-admin/server/initialize/router.go:81	router register success
[github.com/flipped-aurora/gin-vue-admin/server]2022/02/24 - 16:51:23.968	[34minfo[0m	C:/Users/Administrator/Desktop/golearn/learnexcellent/gin-vue-admin/server/core/server.go:37	server run success on 	{"address": ":8888"}
[github.com/flipped-aurora/gin-vue-admin/server]2022/02/24 - 16:52:16.336	[34minfo[0m	C:/Users/Administrator/Desktop/golearn/learnexcellent/gin-vue-admin/server/api/v1/system/sys_initdb.go:57	å‰å¾€åˆå§‹åŒ–æ•°æ®åº“
[github.com/flipped-aurora/gin-vue-admin/server]2022/02/24 - 17:35:14.216	[34minfo[0m	C:/Users/Administrator/Desktop/golearn/learnexcellent/gin-vue-admin/server/api/v1/system/sys_initdb.go:57	æ•°æ®åº“æ— éœ€åˆå§‹åŒ–
